<?xml version="1.0" encoding="UTF-8"?>
<!-- Generated by org.testng.reporters.JUnitXMLReporter -->
<testsuite hostname="Admin-PC" ignored="7" name="Default test" tests="1" failures="0" timestamp="21 jul 2018 22:27:14 GMT" time="1.837" errors="0">
  <testcase name="testNumItems" time="1.815" classname="test.Waltmart_IT"/>
  <testcase name="testNamesItemsContainsRefurbished" time="0.0" classname="test.Waltmart_IT">
    <ignored/>
  </testcase> <!-- testNamesItemsContainsRefurbished -->
  <testcase name="testNamesItemsFinalRefurbished" time="0.0" classname="test.Waltmart_IT">
    <ignored/>
  </testcase> <!-- testNamesItemsFinalRefurbished -->
  <testcase name="testNamesItems" time="0.0" classname="test.Waltmart_IT">
    <ignored/>
  </testcase> <!-- testNamesItems -->
  <testcase name="testNameFirstItem" time="0.0" classname="test.Waltmart_IT">
    <ignored/>
  </testcase> <!-- testNameFirstItem -->
  <testcase name="testNamesItemsIpod32GB" time="0.0" classname="test.Waltmart_IT">
    <ignored/>
  </testcase> <!-- testNamesItemsIpod32GB -->
  <testcase name="testGiftOptions" time="0.0" classname="test.Waltmart_IT">
    <ignored/>
  </testcase> <!-- testGiftOptions -->
  <testcase name="testNamesItemsPrice" time="0.0" classname="test.Waltmart_IT">
    <ignored/>
  </testcase> <!-- testNamesItemsPrice -->
</testsuite> <!-- Default test -->
